<?xml version="1.0" encoding="UTF-8"?>
<!-- Generated by org.testng.reporters.JUnitReportReporter -->
<testsuite hostname="DESKTOP-B9H1FSI" name="com.zibal.framework.testScript.Test01" tests="1" failures="0" timestamp="7 Jul 2020 17:24:31 GMT" time="131.898" errors="0">
  <testcase name="validateAddCartFunctionality" time="131.898" classname="com.zibal.framework.testScript.Test01"/>
</testsuite> <!-- com.zibal.framework.testScript.Test01 -->
